This is pdfTeX, Version 3.141592653-2.6-1.40.22 (TeX Live 2022/dev/Debian) (preloaded format=pdflatex 2026.4.25)  16 JUN 2026 07:20
entering extended mode
 restricted \write18 enabled.
 %&-line parsing enabled.
**ACD_paper_v1.tex
(./ACD_paper_v1.tex
LaTeX2e <2021-11-15> patch level 1
L3 programming layer <2022-01-21>
(/usr/share/texlive/texmf-dist/tex/latex/base/article.cls
Document Class: article 2021/10/04 v1.4n Standard LaTeX document class
(/usr/share/texlive/texmf-dist/tex/latex/base/size12.clo
File: size12.clo 2021/10/04 v1.4n Standard LaTeX file (size option)
)
\c@part=\count185
\c@section=\count186
\c@subsection=\count187
\c@subsubsection=\count188
\c@paragraph=\count189
\c@subparagraph=\count190
\c@figure=\count191
\c@table=\count192
\abovecaptionskip=\skip47
\belowcaptionskip=\skip48
\bibindent=\dimen138
)
(/usr/share/texlive/texmf-dist/tex/latex/geometry/geometry.sty
Package: geometry 2020/01/02 v5.9 Page Geometry

(/usr/share/texlive/texmf-dist/tex/latex/graphics/keyval.sty
Package: keyval 2014/10/28 v1.15 key=value parser (DPC)
\KV@toks@=\toks16
)
(/usr/share/texlive/texmf-dist/tex/generic/iftex/ifvtex.sty
Package: ifvtex 2019/10/25 v1.7 ifvtex legacy package. Use iftex instead.

(/usr/share/texlive/texmf-dist/tex/generic/iftex/iftex.sty
Package: iftex 2020/03/06 v1.0d TeX engine tests
))
\Gm@cnth=\count193
\Gm@cntv=\count194
\c@Gm@tempcnt=\count195
\Gm@bindingoffset=\dimen139
\Gm@wd@mp=\dimen140
\Gm@odd@mp=\dimen141
\Gm@even@mp=\dimen142
\Gm@layoutwidth=\dimen143
\Gm@layoutheight=\dimen144
\Gm@layouthoffset=\dimen145
\Gm@layoutvoffset=\dimen146
\Gm@dimlist=\toks17
)
(/usr/share/texlive/texmf-dist/tex/latex/graphics/graphicx.sty
Package: graphicx 2021/09/16 v1.2d Enhanced LaTeX Graphics (DPC,SPQR)

(/usr/share/texlive/texmf-dist/tex/latex/graphics/graphics.sty
Package: graphics 2021/03/04 v1.4d Standard LaTeX Graphics (DPC,SPQR)

(/usr/share/texlive/texmf-dist/tex/latex/graphics/trig.sty
Package: trig 2021/08/11 v1.11 sin cos tan (DPC)
)
(/usr/share/texlive/texmf-dist/tex/latex/graphics-cfg/graphics.cfg
File: graphics.cfg 2016/06/04 v1.11 sample graphics configuration
)
Package graphics Info: Driver file: pdftex.def on input line 107.

(/usr/share/texlive/texmf-dist/tex/latex/graphics-def/pdftex.def
File: pdftex.def 2020/10/05 v1.2a Graphics/color driver for pdftex
))
\Gin@req@height=\dimen147
\Gin@req@width=\dimen148
)
(/usr/share/texlive/texmf-dist/tex/latex/booktabs/booktabs.sty
Package: booktabs 2020/01/12 v1.61803398 Publication quality tables
\heavyrulewidth=\dimen149
\lightrulewidth=\dimen150
\cmidrulewidth=\dimen151
\belowrulesep=\dimen152
\belowbottomsep=\dimen153
\aboverulesep=\dimen154
\abovetopsep=\dimen155
\cmidrulesep=\dimen156
\cmidrulekern=\dimen157
\defaultaddspace=\dimen158
\@cmidla=\count196
\@cmidlb=\count197
\@aboverulesep=\dimen159
\@belowrulesep=\dimen160
\@thisruleclass=\count198
\@lastruleclass=\count199
\@thisrulewidth=\dimen161
)
(/usr/share/texlive/texmf-dist/tex/latex/tools/tabularx.sty
Package: tabularx 2020/01/15 v2.11c `tabularx' package (DPC)

(/usr/share/texlive/texmf-dist/tex/latex/tools/array.sty
Package: array 2021/10/04 v2.5f Tabular extension package (FMi)
\col@sep=\dimen162
\ar@mcellbox=\box50
\extrarowheight=\dimen163
\NC@list=\toks18
\extratabsurround=\skip49
\backup@length=\skip50
\ar@cellbox=\box51
)
\TX@col@width=\dimen164
\TX@old@table=\dimen165
\TX@old@col=\dimen166
\TX@target=\dimen167
\TX@delta=\dimen168
\TX@cols=\count266
\TX@ftn=\toks19
)
(/usr/share/texlive/texmf-dist/tex/latex/amsmath/amsmath.sty
Package: amsmath 2021/10/15 v2.17l AMS math features
\@mathmargin=\skip51

For additional information on amsmath, use the `?' option.
(/usr/share/texlive/texmf-dist/tex/latex/amsmath/amstext.sty
Package: amstext 2021/08/26 v2.01 AMS text

(/usr/share/texlive/texmf-dist/tex/latex/amsmath/amsgen.sty
File: amsgen.sty 1999/11/30 v2.0 generic functions
\@emptytoks=\toks20
\ex@=\dimen169
))
(/usr/share/texlive/texmf-dist/tex/latex/amsmath/amsbsy.sty
Package: amsbsy 1999/11/29 v1.2d Bold Symbols
\pmbraise@=\dimen170
)
(/usr/share/texlive/texmf-dist/tex/latex/amsmath/amsopn.sty
Package: amsopn 2021/08/26 v2.02 operator names
)
\inf@bad=\count267
LaTeX Info: Redefining \frac on input line 234.
\uproot@=\count268
\leftroot@=\count269
LaTeX Info: Redefining \overline on input line 399.
\classnum@=\count270
\DOTSCASE@=\count271
LaTeX Info: Redefining \ldots on input line 496.
LaTeX Info: Redefining \dots on input line 499.
LaTeX Info: Redefining \cdots on input line 620.
\Mathstrutbox@=\box52
\strutbox@=\box53
\big@size=\dimen171
LaTeX Font Info:    Redeclaring font encoding OML on input line 743.
LaTeX Font Info:    Redeclaring font encoding OMS on input line 744.
\macc@depth=\count272
\c@MaxMatrixCols=\count273
\dotsspace@=\muskip16
\c@parentequation=\count274
\dspbrk@lvl=\count275
\tag@help=\toks21
\row@=\count276
\column@=\count277
\maxfields@=\count278
\andhelp@=\toks22
\eqnshift@=\dimen172
\alignsep@=\dimen173
\tagshift@=\dimen174
\tagwidth@=\dimen175
\totwidth@=\dimen176
\lineht@=\dimen177
\@envbody=\toks23
\multlinegap=\skip52
\multlinetaggap=\skip53
\mathdisplay@stack=\toks24
LaTeX Info: Redefining \[ on input line 2938.
LaTeX Info: Redefining \] on input line 2939.
)
(/usr/share/texlive/texmf-dist/tex/latex/amsfonts/amssymb.sty
Package: amssymb 2013/01/14 v3.01 AMS font symbols

(/usr/share/texlive/texmf-dist/tex/latex/amsfonts/amsfonts.sty
Package: amsfonts 2013/01/14 v3.01 Basic AMSFonts support
\symAMSa=\mathgroup4
\symAMSb=\mathgroup5
LaTeX Font Info:    Redeclaring math symbol \hbar on input line 98.
LaTeX Font Info:    Overwriting math alphabet `\mathfrak' in version `bold'
(Font)                  U/euf/m/n --> U/euf/b/n on input line 106.
))
(/usr/share/texlive/texmf-dist/tex/latex/hyperref/hyperref.sty
Package: hyperref 2021-06-07 v7.00m Hypertext links for LaTeX

(/usr/share/texlive/texmf-dist/tex/generic/ltxcmds/ltxcmds.sty
Package: ltxcmds 2020-05-10 v1.25 LaTeX kernel commands for general use (HO)
)
(/usr/share/texlive/texmf-dist/tex/generic/pdftexcmds/pdftexcmds.sty
Package: pdftexcmds 2020-06-27 v0.33 Utility functions of pdfTeX for LuaTeX (HO
)

(/usr/share/texlive/texmf-dist/tex/generic/infwarerr/infwarerr.sty
Package: infwarerr 2019/12/03 v1.5 Providing info/warning/error messages (HO)
)
Package pdftexcmds Info: \pdf@primitive is available.
Package pdftexcmds Info: \pdf@ifprimitive is available.
Package pdftexcmds Info: \pdfdraftmode found.
)
(/usr/share/texlive/texmf-dist/tex/generic/kvsetkeys/kvsetkeys.sty
Package: kvsetkeys 2019/12/15 v1.18 Key value parser (HO)
)
(/usr/share/texlive/texmf-dist/tex/generic/kvdefinekeys/kvdefinekeys.sty
Package: kvdefinekeys 2019-12-19 v1.6 Define keys (HO)
)
(/usr/share/texlive/texmf-dist/tex/generic/pdfescape/pdfescape.sty
Package: pdfescape 2019/12/09 v1.15 Implements pdfTeX's escape features (HO)
)
(/usr/share/texlive/texmf-dist/tex/latex/hycolor/hycolor.sty
Package: hycolor 2020-01-27 v1.10 Color options for hyperref/bookmark (HO)
)
(/usr/share/texlive/texmf-dist/tex/latex/letltxmacro/letltxmacro.sty
Package: letltxmacro 2019/12/03 v1.6 Let assignment for LaTeX macros (HO)
)
(/usr/share/texlive/texmf-dist/tex/latex/auxhook/auxhook.sty
Package: auxhook 2019-12-17 v1.6 Hooks for auxiliary files (HO)
)
(/usr/share/texlive/texmf-dist/tex/latex/kvoptions/kvoptions.sty
Package: kvoptions 2020-10-07 v3.14 Key value format for package options (HO)
)
\@linkdim=\dimen178
\Hy@linkcounter=\count279
\Hy@pagecounter=\count280

(/usr/share/texlive/texmf-dist/tex/latex/hyperref/pd1enc.def
File: pd1enc.def 2021-06-07 v7.00m Hyperref: PDFDocEncoding definition (HO)
Now handling font encoding PD1 ...
... no UTF-8 mapping file for font encoding PD1
)
(/usr/share/texlive/texmf-dist/tex/latex/hyperref/hyperref-langpatches.def
File: hyperref-langpatches.def 2021-06-07 v7.00m Hyperref: patches for babel la
nguages
)
(/usr/share/texlive/texmf-dist/tex/generic/intcalc/intcalc.sty
Package: intcalc 2019/12/15 v1.3 Expandable calculations with integers (HO)
)
(/usr/share/texlive/texmf-dist/tex/generic/etexcmds/etexcmds.sty
Package: etexcmds 2019/12/15 v1.7 Avoid name clashes with e-TeX commands (HO)
)
\Hy@SavedSpaceFactor=\count281

(/usr/share/texlive/texmf-dist/tex/latex/hyperref/puenc.def
File: puenc.def 2021-06-07 v7.00m Hyperref: PDF Unicode definition (HO)
Now handling font encoding PU ...
... no UTF-8 mapping file for font encoding PU
)
Package hyperref Info: Hyper figures OFF on input line 4192.
Package hyperref Info: Link nesting OFF on input line 4197.
Package hyperref Info: Hyper index ON on input line 4200.
Package hyperref Info: Plain pages OFF on input line 4207.
Package hyperref Info: Backreferencing OFF on input line 4212.
Package hyperref Info: Implicit mode ON; LaTeX internals redefined.
Package hyperref Info: Bookmarks ON on input line 4445.
\c@Hy@tempcnt=\count282

(/usr/share/texlive/texmf-dist/tex/latex/url/url.sty
\Urlmuskip=\muskip17
Package: url 2013/09/16  ver 3.4  Verb mode for urls, etc.
)
LaTeX Info: Redefining \url on input line 4804.
\XeTeXLinkMargin=\dimen179

(/usr/share/texlive/texmf-dist/tex/generic/bitset/bitset.sty
Package: bitset 2019/12/09 v1.3 Handle bit-vector datatype (HO)

(/usr/share/texlive/texmf-dist/tex/generic/bigintcalc/bigintcalc.sty
Package: bigintcalc 2019/12/15 v1.5 Expandable calculations on big integers (HO
)
))
\Fld@menulength=\count283
\Field@Width=\dimen180
\Fld@charsize=\dimen181
Package hyperref Info: Hyper figures OFF on input line 6076.
Package hyperref Info: Link nesting OFF on input line 6081.
Package hyperref Info: Hyper index ON on input line 6084.
Package hyperref Info: backreferencing OFF on input line 6091.
Package hyperref Info: Link coloring OFF on input line 6096.
Package hyperref Info: Link coloring with OCG OFF on input line 6101.
Package hyperref Info: PDF/A mode OFF on input line 6106.
LaTeX Info: Redefining \ref on input line 6146.
LaTeX Info: Redefining \pageref on input line 6150.

(/usr/share/texlive/texmf-dist/tex/latex/base/atbegshi-ltx.sty
Package: atbegshi-ltx 2021/01/10 v1.0c Emulation of the original atbegshi
package with kernel methods
)
\Hy@abspage=\count284
\c@Item=\count285
\c@Hfootnote=\count286
)
Package hyperref Info: Driver (autodetected): hpdftex.

(/usr/share/texlive/texmf-dist/tex/latex/hyperref/hpdftex.def
File: hpdftex.def 2021-06-07 v7.00m Hyperref driver for pdfTeX

(/usr/share/texlive/texmf-dist/tex/latex/base/atveryend-ltx.sty
Package: atveryend-ltx 2020/08/19 v1.0a Emulation of the original atveryend pac
kage
with kernel methods
)
\Fld@listcount=\count287
\c@bookmark@seq@number=\count288

(/usr/share/texlive/texmf-dist/tex/latex/rerunfilecheck/rerunfilecheck.sty
Package: rerunfilecheck 2019/12/05 v1.9 Rerun checks for auxiliary files (HO)

(/usr/share/texlive/texmf-dist/tex/generic/uniquecounter/uniquecounter.sty
Package: uniquecounter 2019/12/15 v1.4 Provide unlimited unique counter (HO)
)
Package uniquecounter Info: New unique counter `rerunfilecheck' on input line 2
86.
)
\Hy@SectionHShift=\skip54
)
(/usr/share/texlive/texmf-dist/tex/latex/caption/caption.sty
Package: caption 2020/10/26 v3.5g Customizing captions (AR)

(/usr/share/texlive/texmf-dist/tex/latex/caption/caption3.sty
Package: caption3 2020/10/21 v2.2e caption3 kernel (AR)
\captionmargin=\dimen182
\captionmargin@=\dimen183
\captionwidth=\dimen184
\caption@tempdima=\dimen185
\caption@indent=\dimen186
\caption@parindent=\dimen187
\caption@hangindent=\dimen188
Package caption Info: Standard document class detected.
)
\c@caption@flags=\count289
\c@continuedfloat=\count290
Package caption Info: hyperref package is loaded.
)
(/usr/share/texlive/texmf-dist/tex/latex/caption/subcaption.sty
Package: subcaption 2020/10/07 v1.3j Sub-captions (AR)
\c@subfigure=\count291
\c@subtable=\count292
)
(/usr/share/texlive/texmf-dist/tex/latex/float/float.sty
Package: float 2001/11/08 v1.3d Float enhancements (AL)
\c@float@type=\count293
\float@exts=\toks25
\float@box=\box54
\@float@everytoks=\toks26
\@floatcapt=\box55
)
(/usr/share/texlive/texmf-dist/tex/latex/enumitem/enumitem.sty
Package: enumitem 2019/06/20 v3.9 Customized lists
\labelindent=\skip55
\enit@outerparindent=\dimen189
\enit@toks=\toks27
\enit@inbox=\box56
\enit@count@id=\count294
\enitdp@description=\count295
)
(/usr/share/texlive/texmf-dist/tex/latex/tools/longtable.sty
Package: longtable 2021-09-01 v4.17 Multi-page Table package (DPC)
\LTleft=\skip56
\LTright=\skip57
\LTpre=\skip58
\LTpost=\skip59
\LTchunksize=\count296
\LTcapwidth=\dimen190
\LT@head=\box57
\LT@firsthead=\box58
\LT@foot=\box59
\LT@lastfoot=\box60
\LT@gbox=\box61
\LT@cols=\count297
\LT@rows=\count298
\c@LT@tables=\count299
\c@LT@chunks=\count300
\LT@p@ftn=\toks28
)
(/usr/share/texlive/texmf-dist/tex/latex/xcolor/xcolor.sty
Package: xcolor 2021/10/31 v2.13 LaTeX color extensions (UK)

(/usr/share/texlive/texmf-dist/tex/latex/graphics-cfg/color.cfg
File: color.cfg 2016/01/02 v1.6 sample color configuration
)
Package xcolor Info: Driver file: pdftex.def on input line 227.
Package xcolor Info: Model `cmy' substituted by `cmy0' on input line 1352.
Package xcolor Info: Model `hsb' substituted by `rgb' on input line 1356.
Package xcolor Info: Model `RGB' extended on input line 1368.
Package xcolor Info: Model `HTML' substituted by `rgb' on input line 1370.
Package xcolor Info: Model `Hsb' substituted by `hsb' on input line 1371.
Package xcolor Info: Model `tHsb' substituted by `hsb' on input line 1372.
Package xcolor Info: Model `HSB' substituted by `hsb' on input line 1373.
Package xcolor Info: Model `Gray' substituted by `gray' on input line 1374.
Package xcolor Info: Model `wave' substituted by `hsb' on input line 1375.
)
(/usr/share/texlive/texmf-dist/tex/latex/natbib/natbib.sty
Package: natbib 2010/09/13 8.31b (PWD, AO)
\bibhang=\skip60
\bibsep=\skip61
LaTeX Info: Redefining \cite on input line 694.
\c@NAT@ctr=\count301
)
(/usr/share/texlive/texmf-dist/tex/latex/microtype/microtype.sty
Package: microtype 2021/12/10 v3.0b Micro-typographical refinements (RS)

(/usr/share/texlive/texmf-dist/tex/latex/etoolbox/etoolbox.sty
Package: etoolbox 2020/10/05 v2.5k e-TeX tools for LaTeX (JAW)
\etb@tempcnta=\count302
)
\MT@toks=\toks29
\MT@count=\count303
\MT@tempbox=\box62
LaTeX Info: Redefining \leftprotrusion on input line 1010.
LaTeX Info: Redefining \rightprotrusion on input line 1018.
LaTeX Info: Redefining \textls on input line 1173.
\MT@outer@kern=\dimen191
LaTeX Info: Redefining \textmicrotypecontext on input line 1759.
\MT@listname@count=\count304

(/usr/share/texlive/texmf-dist/tex/latex/microtype/microtype-pdftex.def
File: microtype-pdftex.def 2021/12/10 v3.0b Definitions specific to pdftex (RS)

LaTeX Info: Redefining \lsstyle on input line 897.
LaTeX Info: Redefining \lslig on input line 897.
\MT@outer@space=\skip62
)
Package microtype Info: Loading configuration file microtype.cfg.

(/usr/share/texlive/texmf-dist/tex/latex/microtype/microtype.cfg
File: microtype.cfg 2021/12/10 v3.0b microtype main configuration file (RS)
))
(/usr/share/texlive/texmf-dist/tex/latex/setspace/setspace.sty
Package: setspace 2011/12/19 v6.7a set line spacing
)
(/usr/share/texlive/texmf-dist/tex/latex/pgf/frontendlayer/tikz.sty
(/usr/share/texlive/texmf-dist/tex/latex/pgf/basiclayer/pgf.sty
(/usr/share/texlive/texmf-dist/tex/latex/pgf/utilities/pgfrcs.sty
(/usr/share/texlive/texmf-dist/tex/generic/pgf/utilities/pgfutil-common.tex
\pgfutil@everybye=\toks30
\pgfutil@tempdima=\dimen192
\pgfutil@tempdimb=\dimen193

(/usr/share/texlive/texmf-dist/tex/generic/pgf/utilities/pgfutil-common-lists.t
ex)) (/usr/share/texlive/texmf-dist/tex/generic/pgf/utilities/pgfutil-latex.def
\pgfutil@abb=\box63
) (/usr/share/texlive/texmf-dist/tex/generic/pgf/utilities/pgfrcs.code.tex
(/usr/share/texlive/texmf-dist/tex/generic/pgf/pgf.revision.tex)
Package: pgfrcs 2021/05/15 v3.1.9a (3.1.9a)
))
Package: pgf 2021/05/15 v3.1.9a (3.1.9a)

(/usr/share/texlive/texmf-dist/tex/latex/pgf/basiclayer/pgfcore.sty
(/usr/share/texlive/texmf-dist/tex/latex/pgf/systemlayer/pgfsys.sty
(/usr/share/texlive/texmf-dist/tex/generic/pgf/systemlayer/pgfsys.code.tex
Package: pgfsys 2021/05/15 v3.1.9a (3.1.9a)

(/usr/share/texlive/texmf-dist/tex/generic/pgf/utilities/pgfkeys.code.tex
\pgfkeys@pathtoks=\toks31
\pgfkeys@temptoks=\toks32

(/usr/share/texlive/texmf-dist/tex/generic/pgf/utilities/pgfkeysfiltered.code.t
ex
\pgfkeys@tmptoks=\toks33
))
\pgf@x=\dimen194
\pgf@y=\dimen195
\pgf@xa=\dimen196
\pgf@ya=\dimen197
\pgf@xb=\dimen198
\pgf@yb=\dimen199
\pgf@xc=\dimen256
\pgf@yc=\dimen257
\pgf@xd=\dimen258
\pgf@yd=\dimen259
\w@pgf@writea=\write3
\r@pgf@reada=\read2
\c@pgf@counta=\count305
\c@pgf@countb=\count306
\c@pgf@countc=\count307
\c@pgf@countd=\count308
\t@pgf@toka=\toks34
\t@pgf@tokb=\toks35
\t@pgf@tokc=\toks36
\pgf@sys@id@count=\count309
 (/usr/share/texlive/texmf-dist/tex/generic/pgf/systemlayer/pgf.cfg
File: pgf.cfg 2021/05/15 v3.1.9a (3.1.9a)
)
Driver file for pgf: pgfsys-pdftex.def

(/usr/share/texlive/texmf-dist/tex/generic/pgf/systemlayer/pgfsys-pdftex.def
File: pgfsys-pdftex.def 2021/05/15 v3.1.9a (3.1.9a)

(/usr/share/texlive/texmf-dist/tex/generic/pgf/systemlayer/pgfsys-common-pdf.de
f
File: pgfsys-common-pdf.def 2021/05/15 v3.1.9a (3.1.9a)
)))
(/usr/share/texlive/texmf-dist/tex/generic/pgf/systemlayer/pgfsyssoftpath.code.
tex
File: pgfsyssoftpath.code.tex 2021/05/15 v3.1.9a (3.1.9a)
\pgfsyssoftpath@smallbuffer@items=\count310
\pgfsyssoftpath@bigbuffer@items=\count311
)
(/usr/share/texlive/texmf-dist/tex/generic/pgf/systemlayer/pgfsysprotocol.code.
tex
File: pgfsysprotocol.code.tex 2021/05/15 v3.1.9a (3.1.9a)
))
(/usr/share/texlive/texmf-dist/tex/generic/pgf/basiclayer/pgfcore.code.tex
Package: pgfcore 2021/05/15 v3.1.9a (3.1.9a)

(/usr/share/texlive/texmf-dist/tex/generic/pgf/math/pgfmath.code.tex
(/usr/share/texlive/texmf-dist/tex/generic/pgf/math/pgfmathcalc.code.tex
(/usr/share/texlive/texmf-dist/tex/generic/pgf/math/pgfmathutil.code.tex)
(/usr/share/texlive/texmf-dist/tex/generic/pgf/math/pgfmathparser.code.tex
\pgfmath@dimen=\dimen260
\pgfmath@count=\count312
\pgfmath@box=\box64
\pgfmath@toks=\toks37
\pgfmath@stack@operand=\toks38
\pgfmath@stack@operation=\toks39
)
(/usr/share/texlive/texmf-dist/tex/generic/pgf/math/pgfmathfunctions.code.tex
(/usr/share/texlive/texmf-dist/tex/generic/pgf/math/pgfmathfunctions.basic.code
.tex)
(/usr/share/texlive/texmf-dist/tex/generic/pgf/math/pgfmathfunctions.trigonomet
ric.code.tex)
(/usr/share/texlive/texmf-dist/tex/generic/pgf/math/pgfmathfunctions.random.cod
e.tex)
(/usr/share/texlive/texmf-dist/tex/generic/pgf/math/pgfmathfunctions.comparison
.code.tex)
(/usr/share/texlive/texmf-dist/tex/generic/pgf/math/pgfmathfunctions.base.code.
tex)
(/usr/share/texlive/texmf-dist/tex/generic/pgf/math/pgfmathfunctions.round.code
.tex)
(/usr/share/texlive/texmf-dist/tex/generic/pgf/math/pgfmathfunctions.misc.code.
tex)
(/usr/share/texlive/texmf-dist/tex/generic/pgf/math/pgfmathfunctions.integerari
thmetics.code.tex)))
(/usr/share/texlive/texmf-dist/tex/generic/pgf/math/pgfmathfloat.code.tex
\c@pgfmathroundto@lastzeros=\count313
))
(/usr/share/texlive/texmf-dist/tex/generic/pgf/math/pgfint.code.tex)
(/usr/share/texlive/texmf-dist/tex/generic/pgf/basiclayer/pgfcorepoints.code.te
x
File: pgfcorepoints.code.tex 2021/05/15 v3.1.9a (3.1.9a)
\pgf@picminx=\dimen261
\pgf@picmaxx=\dimen262
\pgf@picminy=\dimen263
\pgf@picmaxy=\dimen264
\pgf@pathminx=\dimen265
\pgf@pathmaxx=\dimen266
\pgf@pathminy=\dimen267
\pgf@pathmaxy=\dimen268
\pgf@xx=\dimen269
\pgf@xy=\dimen270
\pgf@yx=\dimen271
\pgf@yy=\dimen272
\pgf@zx=\dimen273
\pgf@zy=\dimen274
)
(/usr/share/texlive/texmf-dist/tex/generic/pgf/basiclayer/pgfcorepathconstruct.
code.tex
File: pgfcorepathconstruct.code.tex 2021/05/15 v3.1.9a (3.1.9a)
\pgf@path@lastx=\dimen275
\pgf@path@lasty=\dimen276
)
(/usr/share/texlive/texmf-dist/tex/generic/pgf/basiclayer/pgfcorepathusage.code
.tex
File: pgfcorepathusage.code.tex 2021/05/15 v3.1.9a (3.1.9a)
\pgf@shorten@end@additional=\dimen277
\pgf@shorten@start@additional=\dimen278
)
(/usr/share/texlive/texmf-dist/tex/generic/pgf/basiclayer/pgfcorescopes.code.te
x
File: pgfcorescopes.code.tex 2021/05/15 v3.1.9a (3.1.9a)
\pgfpic=\box65
\pgf@hbox=\box66
\pgf@layerbox@main=\box67
\pgf@picture@serial@count=\count314
)
(/usr/share/texlive/texmf-dist/tex/generic/pgf/basiclayer/pgfcoregraphicstate.c
ode.tex
File: pgfcoregraphicstate.code.tex 2021/05/15 v3.1.9a (3.1.9a)
\pgflinewidth=\dimen279
)
(/usr/share/texlive/texmf-dist/tex/generic/pgf/basiclayer/pgfcoretransformation
s.code.tex
File: pgfcoretransformations.code.tex 2021/05/15 v3.1.9a (3.1.9a)
\pgf@pt@x=\dimen280
\pgf@pt@y=\dimen281
\pgf@pt@temp=\dimen282
)
(/usr/share/texlive/texmf-dist/tex/generic/pgf/basiclayer/pgfcorequick.code.tex
File: pgfcorequick.code.tex 2021/05/15 v3.1.9a (3.1.9a)
)
(/usr/share/texlive/texmf-dist/tex/generic/pgf/basiclayer/pgfcoreobjects.code.t
ex
File: pgfcoreobjects.code.tex 2021/05/15 v3.1.9a (3.1.9a)
)
(/usr/share/texlive/texmf-dist/tex/generic/pgf/basiclayer/pgfcorepathprocessing
.code.tex
File: pgfcorepathprocessing.code.tex 2021/05/15 v3.1.9a (3.1.9a)
)
(/usr/share/texlive/texmf-dist/tex/generic/pgf/basiclayer/pgfcorearrows.code.te
x
File: pgfcorearrows.code.tex 2021/05/15 v3.1.9a (3.1.9a)
\pgfarrowsep=\dimen283
)
(/usr/share/texlive/texmf-dist/tex/generic/pgf/basiclayer/pgfcoreshade.code.tex
File: pgfcoreshade.code.tex 2021/05/15 v3.1.9a (3.1.9a)
\pgf@max=\dimen284
\pgf@sys@shading@range@num=\count315
\pgf@shadingcount=\count316
)
(/usr/share/texlive/texmf-dist/tex/generic/pgf/basiclayer/pgfcoreimage.code.tex
File: pgfcoreimage.code.tex 2021/05/15 v3.1.9a (3.1.9a)

(/usr/share/texlive/texmf-dist/tex/generic/pgf/basiclayer/pgfcoreexternal.code.
tex
File: pgfcoreexternal.code.tex 2021/05/15 v3.1.9a (3.1.9a)
\pgfexternal@startupbox=\box68
))
(/usr/share/texlive/texmf-dist/tex/generic/pgf/basiclayer/pgfcorelayers.code.te
x
File: pgfcorelayers.code.tex 2021/05/15 v3.1.9a (3.1.9a)
)
(/usr/share/texlive/texmf-dist/tex/generic/pgf/basiclayer/pgfcoretransparency.c
ode.tex
File: pgfcoretransparency.code.tex 2021/05/15 v3.1.9a (3.1.9a)
)
(/usr/share/texlive/texmf-dist/tex/generic/pgf/basiclayer/pgfcorepatterns.code.
tex
File: pgfcorepatterns.code.tex 2021/05/15 v3.1.9a (3.1.9a)
)
(/usr/share/texlive/texmf-dist/tex/generic/pgf/basiclayer/pgfcorerdf.code.tex
File: pgfcorerdf.code.tex 2021/05/15 v3.1.9a (3.1.9a)
)))
(/usr/share/texlive/texmf-dist/tex/generic/pgf/modules/pgfmoduleshapes.code.tex
File: pgfmoduleshapes.code.tex 2021/05/15 v3.1.9a (3.1.9a)
\pgfnodeparttextbox=\box69
) (/usr/share/texlive/texmf-dist/tex/generic/pgf/modules/pgfmoduleplot.code.tex
File: pgfmoduleplot.code.tex 2021/05/15 v3.1.9a (3.1.9a)
)
(/usr/share/texlive/texmf-dist/tex/latex/pgf/compatibility/pgfcomp-version-0-65
.sty
Package: pgfcomp-version-0-65 2021/05/15 v3.1.9a (3.1.9a)
\pgf@nodesepstart=\dimen285
\pgf@nodesepend=\dimen286
)
(/usr/share/texlive/texmf-dist/tex/latex/pgf/compatibility/pgfcomp-version-1-18
.sty
Package: pgfcomp-version-1-18 2021/05/15 v3.1.9a (3.1.9a)
)) (/usr/share/texlive/texmf-dist/tex/latex/pgf/utilities/pgffor.sty
(/usr/share/texlive/texmf-dist/tex/latex/pgf/utilities/pgfkeys.sty
(/usr/share/texlive/texmf-dist/tex/generic/pgf/utilities/pgfkeys.code.tex))
(/usr/share/texlive/texmf-dist/tex/latex/pgf/math/pgfmath.sty
(/usr/share/texlive/texmf-dist/tex/generic/pgf/math/pgfmath.code.tex))
(/usr/share/texlive/texmf-dist/tex/generic/pgf/utilities/pgffor.code.tex
Package: pgffor 2021/05/15 v3.1.9a (3.1.9a)

(/usr/share/texlive/texmf-dist/tex/generic/pgf/math/pgfmath.code.tex)
\pgffor@iter=\dimen287
\pgffor@skip=\dimen288
\pgffor@stack=\toks40
\pgffor@toks=\toks41
))
(/usr/share/texlive/texmf-dist/tex/generic/pgf/frontendlayer/tikz/tikz.code.tex
Package: tikz 2021/05/15 v3.1.9a (3.1.9a)

(/usr/share/texlive/texmf-dist/tex/generic/pgf/libraries/pgflibraryplothandlers
.code.tex
File: pgflibraryplothandlers.code.tex 2021/05/15 v3.1.9a (3.1.9a)
\pgf@plot@mark@count=\count317
\pgfplotmarksize=\dimen289
)
\tikz@lastx=\dimen290
\tikz@lasty=\dimen291
\tikz@lastxsaved=\dimen292
\tikz@lastysaved=\dimen293
\tikz@lastmovetox=\dimen294
\tikz@lastmovetoy=\dimen295
\tikzleveldistance=\dimen296
\tikzsiblingdistance=\dimen297
\tikz@figbox=\box70
\tikz@figbox@bg=\box71
\tikz@tempbox=\box72
\tikz@tempbox@bg=\box73
\tikztreelevel=\count318
\tikznumberofchildren=\count319
\tikznumberofcurrentchild=\count320
\tikz@fig@count=\count321

(/usr/share/texlive/texmf-dist/tex/generic/pgf/modules/pgfmodulematrix.code.tex
File: pgfmodulematrix.code.tex 2021/05/15 v3.1.9a (3.1.9a)
\pgfmatrixcurrentrow=\count322
\pgfmatrixcurrentcolumn=\count323
\pgf@matrix@numberofcolumns=\count324
)
\tikz@expandcount=\count325

(/usr/share/texlive/texmf-dist/tex/generic/pgf/frontendlayer/tikz/libraries/tik
zlibrarytopaths.code.tex
File: tikzlibrarytopaths.code.tex 2021/05/15 v3.1.9a (3.1.9a)
)))
(/usr/share/texlive/texmf-dist/tex/generic/pgf/frontendlayer/tikz/libraries/tik
zlibraryshapes.geometric.code.tex
File: tikzlibraryshapes.geometric.code.tex 2021/05/15 v3.1.9a (3.1.9a)

(/usr/share/texlive/texmf-dist/tex/generic/pgf/libraries/shapes/pgflibraryshape
s.geometric.code.tex
File: pgflibraryshapes.geometric.code.tex 2021/05/15 v3.1.9a (3.1.9a)
))
(/usr/share/texlive/texmf-dist/tex/generic/pgf/libraries/pgflibraryarrows.meta.
code.tex
File: pgflibraryarrows.meta.code.tex 2021/05/15 v3.1.9a (3.1.9a)
\pgfarrowinset=\dimen298
\pgfarrowlength=\dimen299
\pgfarrowwidth=\dimen300
\pgfarrowlinewidth=\dimen301
)
(/usr/share/texlive/texmf-dist/tex/generic/pgf/frontendlayer/tikz/libraries/tik
zlibrarypositioning.code.tex
File: tikzlibrarypositioning.code.tex 2021/05/15 v3.1.9a (3.1.9a)
)
Package hyperref Info: Option `colorlinks' set `false' on input line 34.

(/usr/share/texlive/texmf-dist/tex/latex/l3backend/l3backend-pdftex.def
File: l3backend-pdftex.def 2022-01-12 L3 backend support: PDF output (pdfTeX)
\l__color_backend_stack_int=\count326
\l__pdf_internal_box=\box74
)
(./ACD_paper_v1.aux)
\openout1 = `ACD_paper_v1.aux'.

LaTeX Font Info:    Checking defaults for OML/cmm/m/it on input line 50.
LaTeX Font Info:    ... okay on input line 50.
LaTeX Font Info:    Checking defaults for OMS/cmsy/m/n on input line 50.
LaTeX Font Info:    ... okay on input line 50.
LaTeX Font Info:    Checking defaults for OT1/cmr/m/n on input line 50.
LaTeX Font Info:    ... okay on input line 50.
LaTeX Font Info:    Checking defaults for T1/cmr/m/n on input line 50.
LaTeX Font Info:    ... okay on input line 50.
LaTeX Font Info:    Checking defaults for TS1/cmr/m/n on input line 50.
LaTeX Font Info:    ... okay on input line 50.
LaTeX Font Info:    Checking defaults for OMX/cmex/m/n on input line 50.
LaTeX Font Info:    ... okay on input line 50.
LaTeX Font Info:    Checking defaults for U/cmr/m/n on input line 50.
LaTeX Font Info:    ... okay on input line 50.
LaTeX Font Info:    Checking defaults for PD1/pdf/m/n on input line 50.
LaTeX Font Info:    ... okay on input line 50.
LaTeX Font Info:    Checking defaults for PU/pdf/m/n on input line 50.
LaTeX Font Info:    ... okay on input line 50.

*geometry* driver: auto-detecting
*geometry* detected driver: pdftex
*geometry* verbose mode - [ preamble ] result:
* driver: pdftex
* paper: a4paper
* layout: <same size as paper>
* layoutoffset:(h,v)=(0.0pt,0.0pt)
* modes: 
* h-part:(L,W,R)=(71.13188pt, 455.24411pt, 71.13188pt)
* v-part:(T,H,B)=(71.13188pt, 702.78308pt, 71.13188pt)
* \paperwidth=597.50787pt
* \paperheight=845.04684pt
* \textwidth=455.24411pt
* \textheight=702.78308pt
* \oddsidemargin=-1.1381pt
* \evensidemargin=-1.1381pt
* \topmargin=-38.1381pt
* \headheight=12.0pt
* \headsep=25.0pt
* \topskip=12.0pt
* \footskip=30.0pt
* \marginparwidth=35.0pt
* \marginparsep=10.0pt
* \columnsep=10.0pt
* \skip\footins=10.8pt plus 4.0pt minus 2.0pt
* \hoffset=0.0pt
* \voffset=0.0pt
* \mag=1000
* \@twocolumnfalse
* \@twosidefalse
* \@mparswitchfalse
* \@reversemarginfalse
* (1in=72.27pt=25.4mm, 1cm=28.453pt)

(/usr/share/texlive/texmf-dist/tex/context/base/mkii/supp-pdf.mkii
[Loading MPS to PDF converter (version 2006.09.02).]
\scratchcounter=\count327
\scratchdimen=\dimen302
\scratchbox=\box75
\nofMPsegments=\count328
\nofMParguments=\count329
\everyMPshowfont=\toks42
\MPscratchCnt=\count330
\MPscratchDim=\dimen303
\MPnumerator=\count331
\makeMPintoPDFobject=\count332
\everyMPtoPDFconversion=\toks43
) (/usr/share/texlive/texmf-dist/tex/latex/epstopdf-pkg/epstopdf-base.sty
Package: epstopdf-base 2020-01-24 v2.11 Base part for package epstopdf
Package epstopdf-base Info: Redefining graphics rule for `.eps' on input line 4
85.

(/usr/share/texlive/texmf-dist/tex/latex/latexconfig/epstopdf-sys.cfg
File: epstopdf-sys.cfg 2010/07/13 v1.3 Configuration of (r)epstopdf for TeX Liv
e
))
Package hyperref Info: Link coloring OFF on input line 50.

(/usr/share/texlive/texmf-dist/tex/latex/hyperref/nameref.sty
Package: nameref 2021-04-02 v2.47 Cross-referencing by name of section

(/usr/share/texlive/texmf-dist/tex/latex/refcount/refcount.sty
Package: refcount 2019/12/15 v3.6 Data extraction from label references (HO)
)
(/usr/share/texlive/texmf-dist/tex/generic/gettitlestring/gettitlestring.sty
Package: gettitlestring 2019/12/15 v1.6 Cleanup title references (HO)
)
\c@section@level=\count333
)
LaTeX Info: Redefining \ref on input line 50.
LaTeX Info: Redefining \pageref on input line 50.
LaTeX Info: Redefining \nameref on input line 50.

(./ACD_paper_v1.out) (./ACD_paper_v1.out)
\@outlinefile=\write4
\openout4 = `ACD_paper_v1.out'.

Package caption Info: Begin \AtBeginDocument code.
Package caption Info: float package is loaded.
Package caption Info: longtable package is loaded.

(/usr/share/texlive/texmf-dist/tex/latex/caption/ltcaption.sty
Package: ltcaption 2020/05/30 v1.4b longtable captions (AR)
)
Package caption Info: End \AtBeginDocument code.
LaTeX Info: Redefining \microtypecontext on input line 50.
Package microtype Info: Applying patch `item' on input line 50.
Package microtype Info: Applying patch `toc' on input line 50.
Package microtype Info: Applying patch `eqnum' on input line 50.


Package microtype Warning: Unable to apply patch `footnote' on input line 50.

Package microtype Info: Generating PDF output.
Package microtype Info: Character protrusion enabled (level 2).
Package microtype Info: Using default protrusion set `alltext'.
Package microtype Info: Automatic font expansion enabled (level 2),
(microtype)             stretch: 20, shrink: 20, step: 1, non-selected.
Package microtype Info: Using default expansion set `alltext-nott'.
LaTeX Info: Redefining \showhyphens on input line 50.
Package microtype Info: No adjustment of tracking.
Package microtype Info: No adjustment of interword spacing.
Package microtype Info: No adjustment of character kerning.
(/usr/share/texlive/texmf-dist/tex/latex/microtype/mt-cmr.cfg
File: mt-cmr.cfg 2013/05/19 v2.2 microtype config. file: Computer Modern Roman 
(RS)
)
LaTeX Font Info:    Trying to load font information for U+msa on input line 53.


(/usr/share/texlive/texmf-dist/tex/latex/amsfonts/umsa.fd
File: umsa.fd 2013/01/14 v3.01 AMS symbols A
)
(/usr/share/texlive/texmf-dist/tex/latex/microtype/mt-msa.cfg
File: mt-msa.cfg 2006/02/04 v1.1 microtype config. file: AMS symbols (a) (RS)
)
LaTeX Font Info:    Trying to load font information for U+msb on input line 53.


(/usr/share/texlive/texmf-dist/tex/latex/amsfonts/umsb.fd
File: umsb.fd 2013/01/14 v3.01 AMS symbols B
)
(/usr/share/texlive/texmf-dist/tex/latex/microtype/mt-msb.cfg
File: mt-msb.cfg 2005/06/01 v1.0 microtype config. file: AMS symbols (b) (RS)
) [1

{/var/lib/texmf/fonts/map/pdftex/updmap/pdftex.map}] [2] (./ACD_paper_v1.toc [3
])
\tf@toc=\write5
\openout5 = `ACD_paper_v1.toc'.

 [4]
[5] [6] [7]

Package natbib Warning: Citation `zhou2020hiring' on page 8 undefined on input 
line 279.

[8]

LaTeX Warning: Reference `fig:architecture_spectrum' on page 9 undefined on inp
ut line 322.

Package microtype Info: Loading generic protrusion settings for font family
(microtype)             `cmtt' (encoding: OT1).
(microtype)             For optimal results, create family-specific settings.
(microtype)             See the microtype manual for details.
[9] [10]
Overfull \hbox (0.74121pt too wide) in paragraph at lines 443--447
[]\OT1/cmr/m/n/12 (-20) For clas-si-fi-ca-tion, RHAN uses a cosine-similarity p
ro-jec-tion (\OT1/cmtt/m/n/12 SemanticProjectionHead\OT1/cmr/m/n/12 (-20) )
 []

[11] [12] [13] [14] [15] [16]
Overfull \hbox (1.62477pt too wide) in paragraph at lines 738--738
 []|$\OMS/cmsy/m/n/12 ^^@$\OT1/cmr/m/n/12 (-20) 1.218| 
 []


Overfull \hbox (1.62477pt too wide) in paragraph at lines 738--738
 []|$\OMS/cmsy/m/n/12 ^^@$\OT1/cmr/m/n/12 (-20) 1.936| 
 []


Overfull \hbox (1.62477pt too wide) in paragraph at lines 738--738
 []|$\OMS/cmsy/m/n/12 ^^@$\OT1/cmr/m/n/12 (-20) 1.931| 
 []


Overfull \hbox (1.62477pt too wide) in paragraph at lines 738--738
 []|$\OMS/cmsy/m/n/12 ^^@$\OT1/cmr/m/n/12 (-20) 1.931| 
 []


Overfull \hbox (1.62477pt too wide) in paragraph at lines 738--738
 []|$\OMS/cmsy/m/n/12 ^^@$\OT1/cmr/m/n/12 (-20) 1.931| 
 []


Overfull \hbox (1.62477pt too wide) in paragraph at lines 738--738
 []|$\OMS/cmsy/m/n/12 ^^@$\OT1/cmr/m/n/12 (-20) 2.006| 
 []


Overfull \hbox (1.62477pt too wide) in paragraph at lines 738--738
 []|$\OMS/cmsy/m/n/12 ^^@$\OT1/cmr/m/n/12 (-20) 2.015| 
 []


Overfull \hbox (1.62477pt too wide) in paragraph at lines 738--738
 []|$\OMS/cmsy/m/n/12 ^^@$\OT1/cmr/m/n/12 (-20) 1.954| 
 []


Overfull \hbox (1.62477pt too wide) in paragraph at lines 738--738
 []|$\OMS/cmsy/m/n/12 ^^@$\OT1/cmr/m/n/12 (-20) 1.883| 
 []


Overfull \hbox (1.62477pt too wide) in paragraph at lines 738--738
 []|$\OMS/cmsy/m/n/12 ^^@$\OT1/cmr/m/n/12 (-20) 2.044| 
 []


Overfull \hbox (1.62477pt too wide) in paragraph at lines 738--738
 []|$\OMS/cmsy/m/n/12 ^^@$\OT1/cmr/m/n/12 (-20) 2.043| 
 []


Overfull \hbox (1.62477pt too wide) in paragraph at lines 738--738
 []|$\OMS/cmsy/m/n/12 ^^@$\OT1/cmr/m/n/12 (-20) 2.014| 
 []


Overfull \hbox (1.62477pt too wide) in paragraph at lines 738--738
 []|$\OMS/cmsy/m/n/12 ^^@$\OT1/cmr/m/n/12 (-20) 1.925| 
 []


Overfull \hbox (1.62477pt too wide) in paragraph at lines 738--738
 []|$\OMS/cmsy/m/n/12 ^^@$\OT1/cmr/m/n/12 (-20) 1.795| 
 []


Overfull \hbox (1.62477pt too wide) in paragraph at lines 738--738
 []|$\OMS/cmsy/m/n/12 ^^@$\OT1/cmr/m/n/12 (-20) 2.050| 
 []


Overfull \hbox (1.62477pt too wide) in paragraph at lines 738--738
 []|$\OMS/cmsy/m/n/12 ^^@$\OT1/cmr/m/n/12 (-20) 2.040| 
 []


Overfull \hbox (1.62477pt too wide) in paragraph at lines 738--738
 []|$\OMS/cmsy/m/n/12 ^^@$\OT1/cmr/m/n/12 (-20) 2.014| 
 []


Overfull \hbox (1.62477pt too wide) in paragraph at lines 738--738
 []|$\OMS/cmsy/m/n/12 ^^@$\OT1/cmr/m/n/12 (-20) 0.168| 
 []


Overfull \hbox (1.62477pt too wide) in paragraph at lines 738--738
 []|$\OMS/cmsy/m/n/12 ^^@$\OT1/cmr/m/n/12 (-20) 0.890| 
 []


Overfull \hbox (1.62477pt too wide) in paragraph at lines 738--738
 []|$\OMS/cmsy/m/n/12 ^^@$\OT1/cmr/m/n/12 (-20) 1.154| 
 []


Overfull \hbox (1.62477pt too wide) in paragraph at lines 738--738
 []|$\OMS/cmsy/m/n/12 ^^@$\OT1/cmr/m/n/12 (-20) 1.469| 
 []


Overfull \hbox (1.62477pt too wide) in paragraph at lines 738--738
 []|$\OMS/cmsy/m/n/12 ^^@$\OT1/cmr/m/n/12 (-20) 0.774| 
 []


Overfull \hbox (1.62477pt too wide) in paragraph at lines 738--738
 []|$\OMS/cmsy/m/n/12 ^^@$\OT1/cmr/m/n/12 (-20) 1.733| 
 []


Overfull \hbox (1.62477pt too wide) in paragraph at lines 738--738
 []|$\OMS/cmsy/m/n/12 ^^@$\OT1/cmr/m/n/12 (-20) 1.946| 
 []


Overfull \hbox (1.62477pt too wide) in paragraph at lines 738--738
 []|$\OMS/cmsy/m/n/12 ^^@$\OT1/cmr/m/n/12 (-20) 1.880| 
 []


Overfull \hbox (1.62477pt too wide) in paragraph at lines 738--738
 []|$\OMS/cmsy/m/n/12 ^^@$\OT1/cmr/m/n/12 (-20) 1.294| 
 []


Overfull \hbox (1.62477pt too wide) in paragraph at lines 738--738
 []|$\OMS/cmsy/m/n/12 ^^@$\OT1/cmr/m/n/12 (-20) 3.044| 
 []


Overfull \hbox (1.62477pt too wide) in paragraph at lines 738--738
 []|$\OMS/cmsy/m/n/12 ^^@$\OT1/cmr/m/n/12 (-20) 0.291| 
 []


Overfull \hbox (1.62477pt too wide) in paragraph at lines 738--738
 []|$\OMS/cmsy/m/n/12 ^^@$\OT1/cmr/m/n/12 (-20) 1.602| 
 []


Overfull \hbox (1.62477pt too wide) in paragraph at lines 738--738
 []|$\OMS/cmsy/m/n/12 ^^@$\OT1/cmr/m/n/12 (-20) 1.245| 
 []

[17]
Overfull \hbox (6.35593pt too wide) in paragraph at lines 750--758
\OT1/cmr/m/n/12 (-20) stronger train-ing steadily pushes the col-lapse thresh-o
ld out-ward: RHAN-adv ($\OML/cmm/m/it/12 "[][]\OT1/cmr/m/n/12 (-20) 0\OML/cmm/m
/it/12 :\OT1/cmr/m/n/12 (-20) 0764$),
 []

[18]

LaTeX Warning: Reference `fig:tikz_rhan' on page 19 undefined on input line 809
.

[19] [20] [21] [22] [23] [24] [25] [26] [27] [28]
Overfull \hbox (8.0pt too wide) in alignment at lines 1282--1289
 [] [] [] 
 []


Overfull \hbox (8.0pt too wide) in alignment at lines 1289--1294
 [] [] [] 
 []


Overfull \hbox (8.0pt too wide) in alignment at lines 1294--1296
 [] [] [] 
 []


Overfull \hbox (8.0pt too wide) in alignment at lines 1296--1298
 [] [] [] 
 []


Overfull \hbox (19.67749pt too wide) in paragraph at lines 1300--1300
[]|\OT1/cmtt/m/n/10.95 FINAL[]divergence[]with[]rhan.png|  
 []


Overfull \hbox (4.04106pt too wide) in paragraph at lines 1306--1306
[]|\OT1/cmtt/m/n/10.95 perclass[]dprime[]eps0.10.png|  
 []


Overfull \hbox (4.04106pt too wide) in paragraph at lines 1312--1312
[]|\OT1/cmtt/m/n/10.95 accuracy[]threshold[]bars.png|  
 []


Overfull \hbox (28.64545pt too wide) in paragraph at lines 1322--1322
[]|\OT1/cmtt/m/n/10.95 displacement[]comparison.bar.png|  
 []


Overfull \hbox (27.03581pt too wide) in paragraph at lines 1334--1334
[]|\OT1/cmtt/m/n/10.95 shaperesnet[]confusion[]suite.png|  
 []


Overfull \hbox (32.7845pt too wide) in paragraph at lines 1336--1336
[]|\OT1/cmtt/m/n/10.95 efficientnet[]confusion[]suite.png|  
 []


Overfull \hbox (21.28712pt too wide) in paragraph at lines 1338--1338
[]|\OT1/cmtt/m/n/10.95 rhan-clean[]confusion[]suite.png|  
 []


Overfull \hbox (9.78975pt too wide) in paragraph at lines 1340--1340
[]|\OT1/cmtt/m/n/10.95 rhan-adv[]confusion[]suite.png|  
 []


Overfull \hbox (15.53844pt too wide) in paragraph at lines 1344--1344
[]|\OT1/cmtt/m/n/10.95 gating[]entropy[]comparison.png|  
 []


Overfull \hbox (19.67749pt too wide) in paragraph at lines 1382--1382
[]|\OT1/cmtt/m/n/10.95 stl10[]car[]truck[]comparison.png|  
 []


Overfull \hbox (9.78975pt too wide) in paragraph at lines 1386--1386
[]|\OT1/cmtt/m/n/10.95 cifar10[]stl10[]comparison.png|  
 []


Overfull \hbox (21.28712pt too wide) in paragraph at lines 1388--1388
[]|\OT1/cmtt/m/n/10.95 resolution[]robustness[]bars.png|  
 []


Overfull \hbox (31.17487pt too wide) in paragraph at lines 1394--1394
[]|\OT1/cmtt/m/n/10.95 rhan[]cifar10[]confusion[]stl10.png|  
 []


Overfull \hbox (55.77925pt too wide) in paragraph at lines 1396--1396
[]|\OT1/cmtt/m/n/10.95 confidence[]accuracy[]dissociation.png|  
 []


Overfull \hbox (36.92355pt too wide) in paragraph at lines 1402--1402
[]|\OT1/cmtt/m/n/10.95 hero[]human[]machine[]divergence.png|  
 []


Overfull \hbox (17.14807pt too wide) in paragraph at lines 1412--1412
[]|\OT1/cmtt/m/n/10.95 vulnerability[]fingerprint.png|  
 []


Overfull \hbox (19.67749pt too wide) in paragraph at lines 1415--1415
[]|\OT1/cmtt/m/n/10.95 confidence[]hall[]of[]mirrors.png|  
 []


Overfull \hbox (8.18011pt too wide) in paragraph at lines 1418--1418
[]|\OT1/cmtt/m/n/10.95 latent[]space[]invasion[]3d.png|  
 []


Overfull \hbox (36.92355pt too wide) in paragraph at lines 1422--1422
[]|\OT1/cmtt/m/n/10.95 feedback[]loop[]animation[]frame.png|  
 []


Overfull \hbox (8.0pt too wide) in alignment at lines 1298--1442
 [] [] [] 
 []

[29] [30]
<figures/FINAL_divergence_with_rhan.png, id=581, 895.1844pt x 463.4916pt>
File: figures/FINAL_divergence_with_rhan.png Graphic file (type png)
<use figures/FINAL_divergence_with_rhan.png>
Package pdftex.def Info: figures/FINAL_divergence_with_rhan.png  used on input 
line 1452.
(pdftex.def)             Requested size: 218.51521pt x 113.13562pt.
<figures/final_dprime_with_rhan.png, id=583, 728.4816pt x 526.1256pt>
File: figures/final_dprime_with_rhan.png Graphic file (type png)
<use figures/final_dprime_with_rhan.png>
Package pdftex.def Info: figures/final_dprime_with_rhan.png  used on input line
 1458.
(pdftex.def)             Requested size: 218.51521pt x 157.8148pt.
 [31]
<figures/full_confidence_curve.png, id=589, 895.6662pt x 463.4916pt>
File: figures/full_confidence_curve.png Graphic file (type png)
<use figures/full_confidence_curve.png>
Package pdftex.def Info: figures/full_confidence_curve.png  used on input line 
1473.
(pdftex.def)             Requested size: 218.51521pt x 113.07198pt.
<figures/perclass_dprime_eps0.10.png, id=590, 773.7708pt x 887.9574pt>
File: figures/perclass_dprime_eps0.10.png Graphic file (type png)
<use figures/perclass_dprime_eps0.10.png>
Package pdftex.def Info: figures/perclass_dprime_eps0.10.png  used on input lin
e 1479.
(pdftex.def)             Requested size: 218.51521pt x 250.75359pt.
<figures/class_heatmap.png, id=591, 1422.7554pt x 610.4406pt>
File: figures/class_heatmap.png Graphic file (type png)
<use figures/class_heatmap.png>
Package pdftex.def Info: figures/class_heatmap.png  used on input line 1494.
(pdftex.def)             Requested size: 218.51521pt x 93.75105pt.
<figures/human_class_heatmap.png, id=592, 722.7pt x 578.16pt>
File: figures/human_class_heatmap.png Graphic file (type png)
<use figures/human_class_heatmap.png>
Package pdftex.def Info: figures/human_class_heatmap.png  used on input line 15
00.
(pdftex.def)             Requested size: 218.51521pt x 174.80792pt.
 [32 <./figures/FINAL_divergence_with_rhan.png> <./figures/final_dprime_with_rh
an.png> <./figures/full_confidence_curve.png> <./figures/perclass_dprime_eps0.1
0.png>]
<figures/accuracy_threshold_bars.png, id=603, 665.3658pt x 395.076pt>
File: figures/accuracy_threshold_bars.png Graphic file (type png)
<use figures/accuracy_threshold_bars.png>
Package pdftex.def Info: figures/accuracy_threshold_bars.png  used on input lin
e 1514.
(pdftex.def)             Requested size: 218.51521pt x 129.74852pt.
<figures/sdt_threshold_bars.png, id=604, 665.3658pt x 395.076pt>
File: figures/sdt_threshold_bars.png Graphic file (type png)
<use figures/sdt_threshold_bars.png>
Package pdftex.def Info: figures/sdt_threshold_bars.png  used on input line 152
0.
(pdftex.def)             Requested size: 218.51521pt x 129.74852pt.
<figures/resnet_tsne.png, id=605, 1149.093pt x 593.0958pt>
File: figures/resnet_tsne.png Graphic file (type png)
<use figures/resnet_tsne.png>
Package pdftex.def Info: figures/resnet_tsne.png  used on input line 1535.
(pdftex.def)             Requested size: 218.51521pt x 112.77986pt.
<figures/vit_tsne.png, id=606, 1149.093pt x 593.0958pt>
File: figures/vit_tsne.png Graphic file (type png)
<use figures/vit_tsne.png>
Package pdftex.def Info: figures/vit_tsne.png  used on input line 1541.
(pdftex.def)             Requested size: 218.51521pt x 112.77986pt.
<figures/perturbation_atlas.png, id=607, 1129.3392pt x 2749.6326pt>
File: figures/perturbation_atlas.png Graphic file (type png)
<use figures/perturbation_atlas.png>
Package pdftex.def Info: figures/perturbation_atlas.png  used on input line 155
1.
(pdftex.def)             Requested size: 409.71692pt x 997.54495pt.
 [33 <./figures/class_heatmap.png> <./figures/human_class_heatmap.png> <./figur
es/accuracy_threshold_bars.png> <./figures/sdt_threshold_bars.png> <./figures/r
esnet_tsne.png> <./figures/vit_tsne.png>]
Overfull \vbox (319.26186pt too high) has occurred while \output is active []


[34 <./figures/perturbation_atlas.png>]
<figures/resnet_confusion_suite.png, id=627, 1701.7176pt x 498.663pt>
File: figures/resnet_confusion_suite.png Graphic file (type png)
<use figures/resnet_confusion_suite.png>
Package pdftex.def Info: figures/resnet_confusion_suite.png  used on input line
 1561.
(pdftex.def)             Requested size: 218.51521pt x 64.02951pt.
<figures/vit_confusion_suite.png, id=628, 1701.7176pt x 498.663pt>
File: figures/vit_confusion_suite.png Graphic file (type png)
<use figures/vit_confusion_suite.png>
Package pdftex.def Info: figures/vit_confusion_suite.png  used on input line 15
67.
(pdftex.def)             Requested size: 218.51521pt x 64.02951pt.
<figures/shaperesnet_confusion_suite.png, id=629, 1701.7176pt x 498.663pt>
File: figures/shaperesnet_confusion_suite.png Graphic file (type png)
<use figures/shaperesnet_confusion_suite.png>
Package pdftex.def Info: figures/shaperesnet_confusion_suite.png  used on input
 line 1578.
(pdftex.def)             Requested size: 218.51521pt x 64.02951pt.
<figures/efficientnet_confusion_suite.png, id=630, 1701.7176pt x 498.663pt>
File: figures/efficientnet_confusion_suite.png Graphic file (type png)
<use figures/efficientnet_confusion_suite.png>
Package pdftex.def Info: figures/efficientnet_confusion_suite.png  used on inpu
t line 1584.
(pdftex.def)             Requested size: 218.51521pt x 64.02951pt.
<figures/rhan-clean_confusion_suite.png, id=631, 1701.7176pt x 498.663pt>
File: figures/rhan-clean_confusion_suite.png Graphic file (type png)
<use figures/rhan-clean_confusion_suite.png>
Package pdftex.def Info: figures/rhan-clean_confusion_suite.png  used on input 
line 1595.
(pdftex.def)             Requested size: 218.51521pt x 64.02951pt.
<figures/rhan-adv_confusion_suite.png, id=632, 1701.7176pt x 498.663pt>
File: figures/rhan-adv_confusion_suite.png Graphic file (type png)
<use figures/rhan-adv_confusion_suite.png>
Package pdftex.def Info: figures/rhan-adv_confusion_suite.png  used on input li
ne 1601.
(pdftex.def)             Requested size: 218.51521pt x 64.02951pt.
<figures/gating_entropy_comparison.png, id=633, 386.8854pt x 324.2514pt>
File: figures/gating_entropy_comparison.png Graphic file (type png)
<use figures/gating_entropy_comparison.png>
Package pdftex.def Info: figures/gating_entropy_comparison.png  used on input l
ine 1614.
(pdftex.def)             Requested size: 218.51521pt x 183.143pt.
<figures/feedback_dog.png, id=634, 1172.2194pt x 251.0178pt>
File: figures/feedback_dog.png Graphic file (type png)
<use figures/feedback_dog.png>
Package pdftex.def Info: figures/feedback_dog.png  used on input line 1620.
(pdftex.def)             Requested size: 218.51521pt x 46.78993pt.
<figures/feedback_airplane.png, id=635, 1178.4828pt x 251.0178pt>
File: figures/feedback_airplane.png Graphic file (type png)
<use figures/feedback_airplane.png>
Package pdftex.def Info: figures/feedback_airplane.png  used on input line 1631
.
(pdftex.def)             Requested size: 218.51521pt x 46.54097pt.
<figures/feedback_automobile.png, id=636, 1178.4828pt x 251.0178pt>
File: figures/feedback_automobile.png Graphic file (type png)
<use figures/feedback_automobile.png>
Package pdftex.def Info: figures/feedback_automobile.png  used on input line 16
37.
(pdftex.def)             Requested size: 218.51521pt x 46.54097pt.
 [35 <./figures/resnet_confusion_suite.png> <./figures/vit_confusion_suite.png>
 <./figures/shaperesnet_confusion_suite.png> <./figures/efficientnet_confusion_
suite.png> <./figures/rhan-clean_confusion_suite.png> <./figures/rhan-adv_confu
sion_suite.png> <./figures/gating_entropy_comparison.png> <./figures/feedback_d
og.png>]
<figures/feedback_cat.png, id=653, 1172.2194pt x 251.0178pt>
File: figures/feedback_cat.png Graphic file (type png)
<use figures/feedback_cat.png>
Package pdftex.def Info: figures/feedback_cat.png  used on input line 1648.
(pdftex.def)             Requested size: 218.51521pt x 46.78993pt.
<figures/feedback_ship.png, id=654, 1172.2194pt x 251.0178pt>
File: figures/feedback_ship.png Graphic file (type png)
<use figures/feedback_ship.png>
Package pdftex.def Info: figures/feedback_ship.png  used on input line 1654.
(pdftex.def)             Requested size: 218.51521pt x 46.78993pt.
<figures/airplane_1.png, id=655, 1172.2194pt x 311.2428pt>
File: figures/airplane_1.png Graphic file (type png)
<use figures/airplane_1.png>
Package pdftex.def Info: figures/airplane_1.png  used on input line 1667.
(pdftex.def)             Requested size: 145.68144pt x 38.67729pt.
<figures/airplane_2.png, id=656, 1172.2194pt x 311.2428pt>
File: figures/airplane_2.png Graphic file (type png)
<use figures/airplane_2.png>
Package pdftex.def Info: figures/airplane_2.png  used on input line 1673.
(pdftex.def)             Requested size: 145.68144pt x 38.67729pt.
<figures/airplane_gradcam.png, id=657, 1343.2584pt x 580.0872pt>
File: figures/airplane_gradcam.png Graphic file (type png)
<use figures/airplane_gradcam.png>
Package pdftex.def Info: figures/airplane_gradcam.png  used on input line 1679.

(pdftex.def)             Requested size: 145.68144pt x 62.90694pt.
<figures/cat_1.png, id=658, 1172.2194pt x 311.2428pt>
File: figures/cat_1.png Graphic file (type png)
<use figures/cat_1.png>
Package pdftex.def Info: figures/cat_1.png  used on input line 1690.
(pdftex.def)             Requested size: 145.68144pt x 38.67729pt.
<figures/cat_2.png, id=659, 1172.2194pt x 311.2428pt>
File: figures/cat_2.png Graphic file (type png)
<use figures/cat_2.png>
Package pdftex.def Info: figures/cat_2.png  used on input line 1696.
(pdftex.def)             Requested size: 145.68144pt x 38.67729pt.
<figures/cat_gradcam.png, id=660, 1343.2584pt x 580.0872pt>
File: figures/cat_gradcam.png Graphic file (type png)
<use figures/cat_gradcam.png>
Package pdftex.def Info: figures/cat_gradcam.png  used on input line 1702.
(pdftex.def)             Requested size: 145.68144pt x 62.90694pt.
<figures/dog_1.png, id=661, 1172.2194pt x 311.2428pt>
File: figures/dog_1.png Graphic file (type png)
<use figures/dog_1.png>
Package pdftex.def Info: figures/dog_1.png  used on input line 1713.
(pdftex.def)             Requested size: 145.68144pt x 38.67729pt.
<figures/dog_2.png, id=662, 1172.2194pt x 311.2428pt>
File: figures/dog_2.png Graphic file (type png)
<use figures/dog_2.png>
Package pdftex.def Info: figures/dog_2.png  used on input line 1719.
(pdftex.def)             Requested size: 145.68144pt x 38.67729pt.
<figures/dog_gradcam.png, id=663, 1343.2584pt x 580.0872pt>
File: figures/dog_gradcam.png Graphic file (type png)
<use figures/dog_gradcam.png>
Package pdftex.def Info: figures/dog_gradcam.png  used on input line 1725.
(pdftex.def)             Requested size: 145.68144pt x 62.90694pt.
<figures/truck_1.png, id=664, 1178.4828pt x 311.2428pt>
File: figures/truck_1.png Graphic file (type png)
<use figures/truck_1.png>
Package pdftex.def Info: figures/truck_1.png  used on input line 1736.
(pdftex.def)             Requested size: 145.68144pt x 38.47307pt.
<figures/truck_2.png, id=665, 1172.2194pt x 311.2428pt>
File: figures/truck_2.png Graphic file (type png)
<use figures/truck_2.png>
Package pdftex.def Info: figures/truck_2.png  used on input line 1742.
(pdftex.def)             Requested size: 145.68144pt x 38.67729pt.
<figures/truck_gradcam.png, id=666, 1343.2584pt x 580.0872pt>
File: figures/truck_gradcam.png Graphic file (type png)
<use figures/truck_gradcam.png>
Package pdftex.def Info: figures/truck_gradcam.png  used on input line 1748.
(pdftex.def)             Requested size: 145.68144pt x 62.90694pt.
 [36 <./figures/feedback_airplane.png> <./figures/feedback_automobile.png> <./f
igures/feedback_cat.png> <./figures/feedback_ship.png> <./figures/airplane_1.pn
g> <./figures/airplane_2.png> <./figures/airplane_gradcam.png> <./figures/cat_1
.png> <./figures/cat_2.png> <./figures/cat_gradcam.png> <./figures/dog_1.png> <
./figures/dog_2.png> <./figures/dog_gradcam.png>]
<figures/stl10_pgd_sweep.png, id=689, 567.0786pt x 423.0204pt>
File: figures/stl10_pgd_sweep.png Graphic file (type png)
<use figures/stl10_pgd_sweep.png>
Package pdftex.def Info: figures/stl10_pgd_sweep.png  used on input line 1762.
(pdftex.def)             Requested size: 409.71692pt x 305.63948pt.
<figures/stl10_perclass_aa.png, id=690, 711.6186pt x 422.5386pt>
File: figures/stl10_perclass_aa.png Graphic file (type png)
<use figures/stl10_perclass_aa.png>
Package pdftex.def Info: figures/stl10_perclass_aa.png  used on input line 1769
.
(pdftex.def)             Requested size: 409.71692pt x 243.28018pt.
 [37 <./figures/truck_1.png> <./figures/truck_2.png> <./figures/truck_gradcam.p
ng> <./figures/stl10_pgd_sweep.png>]
<figures/stl10_dprime_curves.png, id=703, 567.3195pt x 423.0204pt>
File: figures/stl10_dprime_curves.png Graphic file (type png)
<use figures/stl10_dprime_curves.png>
Package pdftex.def Info: figures/stl10_dprime_curves.png  used on input line 17
76.
(pdftex.def)             Requested size: 409.71692pt x 305.50394pt.
<figures/stl10_car_truck_comparison.png, id=704, 816.8919pt x 426.393pt>
File: figures/stl10_car_truck_comparison.png Graphic file (type png)
<use figures/stl10_car_truck_comparison.png>
Package pdftex.def Info: figures/stl10_car_truck_comparison.png  used on input 
line 1783.
(pdftex.def)             Requested size: 409.71692pt x 213.8596pt.
 [38 <./figures/stl10_perclass_aa.png> <./figures/stl10_dprime_curves.png>]
<figures/cifar10_stl10_comparison.png, id=713, 1000.9395pt x 423.0204pt>
File: figures/cifar10_stl10_comparison.png Graphic file (type png)
<use figures/cifar10_stl10_comparison.png>
Package pdftex.def Info: figures/cifar10_stl10_comparison.png  used on input li
ne 1790.
(pdftex.def)             Requested size: 409.71692pt x 173.15547pt.
<figures/resolution_robustness_bars.png, id=714, 567.8013pt x 422.2977pt>
File: figures/resolution_robustness_bars.png Graphic file (type png)
<use figures/resolution_robustness_bars.png>
Package pdftex.def Info: figures/resolution_robustness_bars.png  used on input 
line 1797.
(pdftex.def)             Requested size: 409.71692pt x 304.7307pt.
 [39 <./figures/stl10_car_truck_comparison.png> <./figures/cifar10_stl10_compar
ison.png>]
<figures/hero_human_machine_divergence.png, id=723, 784.8522pt x 483.63084pt>
File: figures/hero_human_machine_divergence.png Graphic file (type png)
<use figures/hero_human_machine_divergence.png>
Package pdftex.def Info: figures/hero_human_machine_divergence.png  used on inp
ut line 1817.
(pdftex.def)             Requested size: 432.48051pt x 266.49222pt.
 [40 <./figures/resolution_robustness_bars.png>]
<figures/collapse_cascade_grid.png, id=730, 697.4055pt x 1049.1195pt>
File: figures/collapse_cascade_grid.png Graphic file (type png)
<use figures/collapse_cascade_grid.png>
Package pdftex.def Info: figures/collapse_cascade_grid.png  used on input line 
1831.
(pdftex.def)             Requested size: 432.48051pt x 650.60745pt.
 [41 <./figures/hero_human_machine_divergence.png>]
Overfull \vbox (30.32436pt too high) has occurred while \output is active []


[42 <./figures/collapse_cascade_grid.png>]
<figures/rhan_trajectory_rocket.png, id=743, 454.3155pt x 570.6045pt>
File: figures/rhan_trajectory_rocket.png Graphic file (type png)
<use figures/rhan_trajectory_rocket.png>
Package pdftex.def Info: figures/rhan_trajectory_rocket.png  used on input line
 1846.
(pdftex.def)             Requested size: 432.48051pt x 543.17696pt.
<figures/vulnerability_fingerprint.png, id=744, 582.102pt x 527.8995pt>
File: figures/vulnerability_fingerprint.png Graphic file (type png)
<use figures/vulnerability_fingerprint.png>
Package pdftex.def Info: figures/vulnerability_fingerprint.png  used on input l
ine 1860.
(pdftex.def)             Requested size: 432.48051pt x 392.21025pt.
 [43 <./figures/rhan_trajectory_rocket.png>]
<figures/confidence_hall_of_mirrors.png, id=752, 841.2228pt x 409.7709pt>
File: figures/confidence_hall_of_mirrors.png Graphic file (type png)
<use figures/confidence_hall_of_mirrors.png>
Package pdftex.def Info: figures/confidence_hall_of_mirrors.png  used on input 
line 1876.
(pdftex.def)             Requested size: 432.48051pt x 210.66234pt.
 [44 <./figures/vulnerability_fingerprint.png>]
<figures/latent_space_invasion_3d.png, id=759, 782.32275pt x 434.70406pt>
File: figures/latent_space_invasion_3d.png Graphic file (type png)
<use figures/latent_space_invasion_3d.png>
Package pdftex.def Info: figures/latent_space_invasion_3d.png  used on input li
ne 1891.
(pdftex.def)             Requested size: 432.48051pt x 240.30844pt.
<figures/feedback_loop_animation_frame.png, id=760, 798.22215pt x 501.91515pt>
File: figures/feedback_loop_animation_frame.png Graphic file (type png)
<use figures/feedback_loop_animation_frame.png>
Package pdftex.def Info: figures/feedback_loop_animation_frame.png  used on inp
ut line 1905.
(pdftex.def)             Requested size: 432.48051pt x 271.93385pt.
 [45 <./figures/confidence_hall_of_mirrors.png> <./figures/latent_space_invasio
n_3d.png>]
<figures/resolution_futility.png, id=769, 857.7135pt x 391.572pt>
File: figures/resolution_futility.png Graphic file (type png)
<use figures/resolution_futility.png>
Package pdftex.def Info: figures/resolution_futility.png  used on input line 19
19.
(pdftex.def)             Requested size: 432.48051pt x 197.44055pt.
<figures/autoattack_waterfall.png, id=770, 711.8595pt x 398.799pt>
File: figures/autoattack_waterfall.png Graphic file (type png)
<use figures/autoattack_waterfall.png>
Package pdftex.def Info: figures/autoattack_waterfall.png  used on input line 1
934.
(pdftex.def)             Requested size: 432.48051pt x 242.28731pt.
 [46 <./figures/feedback_loop_animation_frame.png> <./figures/resolution_futili
ty.png>]
<figures/human_machine_percept.png, id=779, 770.75955pt x 794.97pt>
File: figures/human_machine_percept.png Graphic file (type png)
<use figures/human_machine_percept.png>
Package pdftex.def Info: figures/human_machine_percept.png  used on input line 
1948.
(pdftex.def)             Requested size: 432.48051pt x 446.06567pt.

[47 <./figures/autoattack_waterfall.png>]
<figures/ethresh_spectrum.png, id=786, 742.41pt x 321.6015pt>
File: figures/ethresh_spectrum.png Graphic file (type png)
<use figures/ethresh_spectrum.png>
Package pdftex.def Info: figures/ethresh_spectrum.png  used on input line 1964.

(pdftex.def)             Requested size: 432.48051pt x 187.3436pt.
 [48 <./figures/human_machine_percept.png>]
<figures/training_dynamics_rhan.png, id=793, 789.54974pt x 548.89066pt>
File: figures/training_dynamics_rhan.png Graphic file (type png)
<use figures/training_dynamics_rhan.png>
Package pdftex.def Info: figures/training_dynamics_rhan.png  used on input line
 1978.
(pdftex.def)             Requested size: 432.48051pt x 300.6596pt.
 [49 <./figures/ethresh_spectrum.png> <./figures/training_dynamics_rhan.png>]
Overfull \hbox (15.88681pt too wide) in paragraph at lines 2008--2011
[]\OT1/cmr/bx/n/12 (-20) Reproducibility. \OT1/cmr/m/n/12 (-20) Ran-dom seeds f
ixed at 42. Code: []$\OT1/cmtt/m/n/12 https : / / github . com / FerrariKazu /
 []


Package natbib Warning: There were undefined citations.

[50] (./ACD_paper_v1.aux)

LaTeX Warning: There were undefined references.


LaTeX Warning: Label(s) may have changed. Rerun to get cross-references right.

Package rerunfilecheck Info: File `ACD_paper_v1.out' has not changed.
(rerunfilecheck)             Checksum: 586AD67C25CE616707EB68754FD2AFAF;9380.
 ) 
Here is how much of TeX's memory you used:
 26748 strings out of 480171
 500916 string characters out of 5894489
 836715 words of memory out of 5000000
 43754 multiletter control sequences out of 15000+600000
 491172 words of font info for 206 fonts, out of 8000000 for 9000
 59 hyphenation exceptions out of 8191
 84i,13n,80p,1009b,516s stack positions out of 5000i,500n,10000p,200000b,80000s
 </home/ferrarikazu/.texlive2021/texmf-var/fonts/pk/ljfour/jknappen/ec/tcrm12
00.600pk></usr/share/texlive/texmf-dist/fonts/type1/public/amsfonts/cmextra/cmb
sy8.pfb></usr/share/texlive/texmf-dist/fonts/type1/public/amsfonts/cm/cmbx10.pf
b></usr/share/texlive/texmf-dist/fonts/type1/public/amsfonts/cm/cmbx12.pfb></us
r/share/texlive/texmf-dist/fonts/type1/public/amsfonts/cm/cmbx8.pfb></usr/share
/texlive/texmf-dist/fonts/type1/public/amsfonts/cm/cmex10.pfb></usr/share/texli
ve/texmf-dist/fonts/type1/public/amsfonts/cm/cmmi10.pfb></usr/share/texlive/tex
mf-dist/fonts/type1/public/amsfonts/cm/cmmi12.pfb></usr/share/texlive/texmf-dis
t/fonts/type1/public/amsfonts/cm/cmmi6.pfb></usr/share/texlive/texmf-dist/fonts
/type1/public/amsfonts/cm/cmmi8.pfb></usr/share/texlive/texmf-dist/fonts/type1/
public/amsfonts/cm/cmmib10.pfb></usr/share/texlive/texmf-dist/fonts/type1/publi
c/amsfonts/cmextra/cmmib8.pfb></usr/share/texlive/texmf-dist/fonts/type1/public
/amsfonts/cm/cmr10.pfb></usr/share/texlive/texmf-dist/fonts/type1/public/amsfon
ts/cm/cmr12.pfb></usr/share/texlive/texmf-dist/fonts/type1/public/amsfonts/cm/c
mr8.pfb></usr/share/texlive/texmf-dist/fonts/type1/public/amsfonts/cm/cmsy10.pf
b></usr/share/texlive/texmf-dist/fonts/type1/public/amsfonts/cm/cmsy8.pfb></usr
/share/texlive/texmf-dist/fonts/type1/public/amsfonts/cm/cmti10.pfb></usr/share
/texlive/texmf-dist/fonts/type1/public/amsfonts/cm/cmti12.pfb></usr/share/texli
ve/texmf-dist/fonts/type1/public/amsfonts/cm/cmtt10.pfb></usr/share/texlive/tex
mf-dist/fonts/type1/public/amsfonts/cm/cmtt12.pfb>
Output written on ACD_paper_v1.pdf (50 pages, 19753771 bytes).
PDF statistics:
 949 PDF objects out of 1000 (max. 8388607)
 742 compressed objects within 8 object streams
 222 named destinations out of 1000 (max. 500000)
 40598 words of extra memory for PDF output out of 42996 (max. 10000000)

